<?xml version="1.0" encoding="UTF-8"?>
<coverage generated="1624552344763" clover="3.2.0">
  <project timestamp="1624552344763" name="All files">
    <metrics statements="20" coveredstatements="20" conditionals="19" coveredconditionals="18" methods="7" coveredmethods="7" elements="46" coveredelements="45" complexity="0" loc="20" ncloc="20" packages="4" files="5" classes="5"/>
    <package name="components.PLButton">
      <metrics statements="4" coveredstatements="4" conditionals="7" coveredconditionals="6" methods="2" coveredmethods="2"/>
      <file name="PLButton.tsx" path="/Users/akachukwuajulibe/Desktop/pocketlawyerapp/src/components/PLButton/PLButton.tsx">
        <metrics statements="4" coveredstatements="4" conditionals="7" coveredconditionals="6" methods="2" coveredmethods="2"/>
        <line num="18" count="1" type="stmt"/>
        <line num="19" count="1" type="stmt"/>
        <line num="32" count="5" type="cond" truecount="2" falsecount="0"/>
        <line num="53" count="1" type="stmt"/>
      </file>
    </package>
    <package name="components.PLTextInput">
      <metrics statements="3" coveredstatements="3" conditionals="12" coveredconditionals="12" methods="1" coveredmethods="1"/>
      <file name="PLTextInput.tsx" path="/Users/akachukwuajulibe/Desktop/pocketlawyerapp/src/components/PLTextInput/PLTextInput.tsx">
        <metrics statements="3" coveredstatements="3" conditionals="12" coveredconditionals="12" methods="1" coveredmethods="1"/>
        <line num="40" count="1" type="stmt"/>
        <line num="41" count="7" type="stmt"/>
        <line num="77" count="1" type="stmt"/>
      </file>
    </package>
    <package name="screens">
      <metrics statements="8" coveredstatements="8" conditionals="0" coveredconditionals="0" methods="2" coveredmethods="2"/>
      <file name="HiddenMessage.tsx" path="/Users/akachukwuajulibe/Desktop/pocketlawyerapp/src/screens/HiddenMessage.tsx">
        <metrics statements="8" coveredstatements="8" conditionals="0" coveredconditionals="0" methods="2" coveredmethods="2"/>
        <line num="57" count="1" type="stmt"/>
        <line num="58" count="6" type="stmt"/>
        <line num="59" count="6" type="stmt"/>
        <line num="60" count="6" type="stmt"/>
        <line num="61" count="6" type="stmt"/>
        <line num="65" count="2" type="stmt"/>
        <line num="66" count="2" type="stmt"/>
        <line num="67" count="2" type="stmt"/>
      </file>
    </package>
    <package name="utils">
      <metrics statements="5" coveredstatements="5" conditionals="0" coveredconditionals="0" methods="2" coveredmethods="2"/>
      <file name="Colors.tsx" path="/Users/akachukwuajulibe/Desktop/pocketlawyerapp/src/utils/Colors.tsx">
        <metrics statements="1" coveredstatements="1" conditionals="0" coveredconditionals="0" methods="0" coveredmethods="0"/>
        <line num="1" count="2" type="stmt"/>
      </file>
      <file name="Dimensions.tsx" path="/Users/akachukwuajulibe/Desktop/pocketlawyerapp/src/utils/Dimensions.tsx">
        <metrics statements="4" coveredstatements="4" conditionals="0" coveredconditionals="0" methods="2" coveredmethods="2"/>
        <line num="15" count="2" type="stmt"/>
        <line num="16" count="10" type="stmt"/>
        <line num="28" count="2" type="stmt"/>
        <line num="29" count="3" type="stmt"/>
      </file>
    </package>
  </project>
</coverage>
