{"/Users/akachukwuajulibe/Desktop/pocketlawyerapp/src/components/PLButton/PLButton.tsx": {"path":"/Users/akachukwuajulibe/Desktop/pocketlawyerapp/src/components/PLButton/PLButton.tsx","statementMap":{"0":{"start":{"line":18,"column":25},"end":{"line":20,"column":1}},"1":{"start":{"line":19,"column":2},"end":{"line":19,"column":76}},"2":{"start":{"line":32,"column":2},"end":{"line":50,"column":4}},"3":{"start":{"line":53,"column":15},"end":{"line":81,"column":2}}},"fnMap":{"0":{"name":"(anonymous_0)","decl":{"start":{"line":18,"column":25},"end":{"line":18,"column":26}},"loc":{"start":{"line":19,"column":2},"end":{"line":19,"column":76}},"line":19},"1":{"name":"PLButton","decl":{"start":{"line":22,"column":24},"end":{"line":22,"column":32}},"loc":{"start":{"line":31,"column":16},"end":{"line":51,"column":1}},"line":31}},"branchMap":{"0":{"loc":{"start":{"line":27,"column":2},"end":{"line":27,"column":19}},"type":"default-arg","locations":[{"start":{"line":27,"column":14},"end":{"line":27,"column":19}}],"line":27},"1":{"loc":{"start":{"line":32,"column":9},"end":{"line":50,"column":3}},"type":"cond-expr","locations":[{"start":{"line":33,"column":4},"end":{"line":40,"column":13}},{"start":{"line":42,"column":4},"end":{"line":49,"column":13}}],"line":32},"2":{"loc":{"start":{"line":46,"column":16},"end":{"line":46,"column":43}},"type":"cond-expr","locations":[{"start":{"line":46,"column":27},"end":{"line":46,"column":35}},{"start":{"line":46,"column":38},"end":{"line":46,"column":43}}],"line":46},"3":{"loc":{"start":{"line":73,"column":17},"end":{"line":73,"column":50}},"type":"cond-expr","locations":[{"start":{"line":73,"column":41},"end":{"line":73,"column":44}},{"start":{"line":73,"column":47},"end":{"line":73,"column":50}}],"line":73}},"s":{"0":1,"1":1,"2":5,"3":1},"f":{"0":1,"1":5},"b":{"0":[4],"1":[1,4],"2":[2,2],"3":[1,0]},"_coverageSchema":"1a1c01bbd47fc00a2c39e90264f33305004495a9","hash":"455065ba23e4ccc849732b6cff9e0d5fd378545b"}
,"/Users/akachukwuajulibe/Desktop/pocketlawyerapp/src/components/PLTextInput/PLTextInput.tsx": {"path":"/Users/akachukwuajulibe/Desktop/pocketlawyerapp/src/components/PLTextInput/PLTextInput.tsx","statementMap":{"0":{"start":{"line":40,"column":44},"end":{"line":75,"column":1}},"1":{"start":{"line":41,"column":2},"end":{"line":74,"column":4}},"2":{"start":{"line":77,"column":15},"end":{"line":110,"column":2}}},"fnMap":{"0":{"name":"(anonymous_0)","decl":{"start":{"line":40,"column":44},"end":{"line":40,"column":45}},"loc":{"start":{"line":40,"column":55},"end":{"line":75,"column":1}},"line":40}},"branchMap":{"0":{"loc":{"start":{"line":43,"column":7},"end":{"line":48,"column":7}},"type":"binary-expr","locations":[{"start":{"line":43,"column":7},"end":{"line":43,"column":45}},{"start":{"line":44,"column":8},"end":{"line":47,"column":15}}],"line":43},"1":{"loc":{"start":{"line":46,"column":41},"end":{"line":46,"column":71}},"type":"binary-expr","locations":[{"start":{"line":46,"column":41},"end":{"line":46,"column":64}},{"start":{"line":46,"column":68},"end":{"line":46,"column":71}}],"line":46},"2":{"loc":{"start":{"line":54,"column":18},"end":{"line":54,"column":57}},"type":"cond-expr","locations":[{"start":{"line":54,"column":35},"end":{"line":54,"column":49}},{"start":{"line":54,"column":52},"end":{"line":54,"column":57}}],"line":54},"3":{"loc":{"start":{"line":58,"column":10},"end":{"line":58,"column":53}},"type":"cond-expr","locations":[{"start":{"line":58,"column":24},"end":{"line":58,"column":46}},{"start":{"line":58,"column":49},"end":{"line":58,"column":53}}],"line":58},"4":{"loc":{"start":{"line":61,"column":19},"end":{"line":61,"column":58}},"type":"cond-expr","locations":[{"start":{"line":61,"column":37},"end":{"line":61,"column":52}},{"start":{"line":61,"column":55},"end":{"line":61,"column":58}}],"line":61},"5":{"loc":{"start":{"line":68,"column":7},"end":{"line":72,"column":7}},"type":"binary-expr","locations":[{"start":{"line":68,"column":7},"end":{"line":68,"column":18}},{"start":{"line":69,"column":8},"end":{"line":71,"column":15}}],"line":68}},"s":{"0":1,"1":7,"2":1},"f":{"0":7},"b":{"0":[7,2],"1":[2,1],"2":[1,6],"3":[6,1],"4":[1,6],"5":[7,6]},"_coverageSchema":"1a1c01bbd47fc00a2c39e90264f33305004495a9","hash":"e487486f2ff455bcec1349bf66da8a93059be587"}
,"/Users/akachukwuajulibe/Desktop/pocketlawyerapp/src/screens/HiddenMessage.tsx": {"path":"/Users/akachukwuajulibe/Desktop/pocketlawyerapp/src/screens/HiddenMessage.tsx","statementMap":{"0":{"start":{"line":57,"column":34},"end":{"line":76,"column":1}},"1":{"start":{"line":58,"column":28},"end":{"line":58,"column":49}},"2":{"start":{"line":59,"column":34},"end":{"line":59,"column":63}},"3":{"start":{"line":60,"column":38},"end":{"line":60,"column":59}},"4":{"start":{"line":61,"column":2},"end":{"line":75,"column":4}},"5":{"start":{"line":65,"column":8},"end":{"line":65,"column":25}},"6":{"start":{"line":66,"column":8},"end":{"line":66,"column":37}},"7":{"start":{"line":67,"column":8},"end":{"line":67,"column":28}}},"fnMap":{"0":{"name":"(anonymous_0)","decl":{"start":{"line":57,"column":34},"end":{"line":57,"column":35}},"loc":{"start":{"line":57,"column":40},"end":{"line":76,"column":1}},"line":57},"1":{"name":"(anonymous_1)","decl":{"start":{"line":64,"column":15},"end":{"line":64,"column":16}},"loc":{"start":{"line":64,"column":21},"end":{"line":68,"column":7}},"line":64}},"branchMap":{},"s":{"0":1,"1":6,"2":6,"3":6,"4":6,"5":2,"6":2,"7":2},"f":{"0":6,"1":2},"b":{},"_coverageSchema":"1a1c01bbd47fc00a2c39e90264f33305004495a9","hash":"89efd1b2b853f2f59dc607c1f3b9f26712072245"}
,"/Users/akachukwuajulibe/Desktop/pocketlawyerapp/src/utils/Colors.tsx": {"path":"/Users/akachukwuajulibe/Desktop/pocketlawyerapp/src/utils/Colors.tsx","statementMap":{"0":{"start":{"line":1,"column":15},"end":{"line":51,"column":1}}},"fnMap":{},"branchMap":{},"s":{"0":2},"f":{},"b":{},"_coverageSchema":"1a1c01bbd47fc00a2c39e90264f33305004495a9","hash":"ad5a5df273700a08198bd2af643466cc73b27cb3"}
,"/Users/akachukwuajulibe/Desktop/pocketlawyerapp/src/utils/Dimensions.tsx": {"path":"/Users/akachukwuajulibe/Desktop/pocketlawyerapp/src/utils/Dimensions.tsx","statementMap":{"0":{"start":{"line":15,"column":18},"end":{"line":17,"column":1}},"1":{"start":{"line":16,"column":3},"end":{"line":16,"column":47}},"2":{"start":{"line":28,"column":18},"end":{"line":30,"column":1}},"3":{"start":{"line":29,"column":3},"end":{"line":29,"column":47}}},"fnMap":{"0":{"name":"(anonymous_0)","decl":{"start":{"line":15,"column":18},"end":{"line":15,"column":19}},"loc":{"start":{"line":15,"column":41},"end":{"line":17,"column":1}},"line":15},"1":{"name":"(anonymous_1)","decl":{"start":{"line":28,"column":18},"end":{"line":28,"column":19}},"loc":{"start":{"line":28,"column":41},"end":{"line":30,"column":1}},"line":28}},"branchMap":{},"s":{"0":2,"1":10,"2":2,"3":3},"f":{"0":10,"1":3},"b":{},"_coverageSchema":"1a1c01bbd47fc00a2c39e90264f33305004495a9","hash":"db3e432228fb24645f5d1add54fc5a0626f77335"}
}
