TN:
SF:src/components/PLButton/PLButton.tsx
FN:18,(anonymous_0)
FN:22,PLButton
FNF:2
FNH:2
FNDA:1,(anonymous_0)
FNDA:5,PLButton
DA:18,1
DA:19,1
DA:32,5
DA:53,1
LF:4
LH:4
BRDA:27,0,0,4
BRDA:32,1,0,1
BRDA:32,1,1,4
BRDA:46,2,0,2
BRDA:46,2,1,2
BRDA:73,3,0,1
BRDA:73,3,1,0
BRF:7
BRH:6
end_of_record
TN:
SF:src/components/PLTextInput/PLTextInput.tsx
FN:40,(anonymous_0)
FNF:1
FNH:1
FNDA:7,(anonymous_0)
DA:40,1
DA:41,7
DA:77,1
LF:3
LH:3
BRDA:43,0,0,7
BRDA:43,0,1,2
BRDA:46,1,0,2
BRDA:46,1,1,1
BRDA:54,2,0,1
BRDA:54,2,1,6
BRDA:58,3,0,6
BRDA:58,3,1,1
BRDA:61,4,0,1
BRDA:61,4,1,6
BRDA:68,5,0,7
BRDA:68,5,1,6
BRF:12
BRH:12
end_of_record
TN:
SF:src/screens/HiddenMessage.tsx
FN:57,(anonymous_0)
FN:64,(anonymous_1)
FNF:2
FNH:2
FNDA:6,(anonymous_0)
FNDA:2,(anonymous_1)
DA:57,1
DA:58,6
DA:59,6
DA:60,6
DA:61,6
DA:65,2
DA:66,2
DA:67,2
LF:8
LH:8
BRF:0
BRH:0
end_of_record
TN:
SF:src/utils/Colors.tsx
FNF:0
FNH:0
DA:1,2
LF:1
LH:1
BRF:0
BRH:0
end_of_record
TN:
SF:src/utils/Dimensions.tsx
FN:15,(anonymous_0)
FN:28,(anonymous_1)
FNF:2
FNH:2
FNDA:10,(anonymous_0)
FNDA:3,(anonymous_1)
DA:15,2
DA:16,10
DA:28,2
DA:29,3
LF:4
LH:4
BRF:0
BRH:0
end_of_record
